<?xml version="1.0" encoding="UTF-8"?>
<!-- Generated by org.testng.reporters.JUnitXMLReporter -->
<testsuite ignored="1" hostname="LAPTOP-TKD45B3R" failures="0" tests="1" name="Default test" time="21.973" errors="0" timestamp="2023-02-20T22:24:16 EST">
  <testcase classname="statefirm.tdd.test.auto.AutoQuoteTest" name="getAQuoteTest" time="7.955"/>
  <testcase classname="statefirm.tdd.test.auto.AutoQuoteTest" name="AddressPageTest" time="0.0">
    <ignored/>
  </testcase> <!-- AddressPageTest -->
</testsuite> <!-- Default test -->
