<?xml version="1.0" encoding="UTF-8"?>
<!-- Generated by org.testng.reporters.JUnitXMLReporter -->
<testsuite ignored="3" hostname="LAPTOP-TKD45B3R" failures="0" tests="3" name="Test" time="0.043" errors="0" timestamp="2023-02-18T02:53:14 EST">
  <testcase classname="statefirm.tdd.base.BaseClass" name="@BeforeMethod setUpDriver" time="-1.676706793942E9">
    <failure type="org.testng.TestNGException" message="
Can inject only one of &amp;lt;ITestContext, XmlTest, Method, Object[], ITestResult&amp;gt; into a @BeforeMethod annotated setUpDriver.
For more information on native dependency injection please refer to https://testng.org/doc/documentation-main.html#native-dependency-injection">
      <![CDATA[org.testng.TestNGException: 
Can inject only one of <ITestContext, XmlTest, Method, Object[], ITestResult> into a @BeforeMethod annotated setUpDriver.
For more information on native dependency injection please refer to https://testng.org/doc/documentation-main.html#native-dependency-injection
at java.base/java.util.ArrayList.forEach(ArrayList.java:1511)
... Removed 28 stack frames]]>
    </failure>
  </testcase> <!-- @BeforeMethod setUpDriver -->
  <testcase classname="statefirm.tdd.base.BaseClass" name="@AfterMethod tearUp" time="-1.676706793955E9">
    <skipped/>
  </testcase> <!-- @AfterMethod tearUp -->
  <testcase classname="statefirm.tdd.base.BaseClass" name="@BeforeMethod setUpDriver" time="-1.676706793958E9">
    <skipped/>
  </testcase> <!-- @BeforeMethod setUpDriver -->
  <testcase classname="statefirm.tdd.base.BaseClass" name="@AfterMethod tearUp" time="-1.676706793962E9">
    <skipped/>
  </testcase> <!-- @AfterMethod tearUp -->
  <testcase classname="statefirm.tdd.base.BaseClass" name="@BeforeMethod setUpDriver" time="-1.676706793963E9">
    <skipped/>
  </testcase> <!-- @BeforeMethod setUpDriver -->
  <testcase classname="statefirm.tdd.base.BaseClass" name="@AfterMethod tearUp" time="-1.676706793966E9">
    <skipped/>
  </testcase> <!-- @AfterMethod tearUp -->
  <testcase classname="statefirm.tdd.test.auto.AutoQuoteTest" name="AddressPageTest" time="0.0">
    <skipped/>
  </testcase> <!-- AddressPageTest -->
  <testcase classname="statefirm.tdd.test.auto.AutoQuoteTest" name="test1" time="0.0">
    <skipped/>
  </testcase> <!-- test1 -->
  <testcase classname="statefirm.tdd.test.auto.AutoQuoteTest" name="failedTestScenarios" time="0.0">
    <skipped/>
  </testcase> <!-- failedTestScenarios -->
  <testcase classname="statefirm.tdd.test.auto.AutoQuoteTest" name="getAQuoteTest" time="0.0">
    <ignored/>
  </testcase> <!-- getAQuoteTest -->
  <testcase classname="statefirm.tdd.test.auto.AutoQuoteTest" name="testRetry" time="0.0">
    <ignored/>
  </testcase> <!-- testRetry -->
  <testcase classname="statefirm.tdd.test.auto.AutoQuoteTest" name="test2" time="0.0">
    <ignored/>
  </testcase> <!-- test2 -->
</testsuite> <!-- Test -->
