<?xml version="1.0" encoding="UTF-8"?>
<testng-results ignored="0" total="1" passed="1" failed="0" skipped="0">
  <reporter-output>
  </reporter-output>
  <suite started-at="2023-01-26T19:11:45 EST" name="Default suite" finished-at="2023-01-26T19:12:07 EST" duration-ms="21134">
    <groups>
    </groups>
    <test started-at="2023-01-26T19:11:45 EST" name="Default test" finished-at="2023-01-26T19:12:07 EST" duration-ms="21134">
      <class name="testPages.HomePageTest">
        <test-method is-config="true" signature="setup()[pri:0, instance:testPages.HomePageTest@71238fc2]" started-at="2023-01-26T19:11:45 EST" name="setup" finished-at="2023-01-26T19:12:03 EST" duration-ms="17781" status="PASS">
          <reporter-output>
          </reporter-output>
        </test-method> <!-- setup -->
        <test-method signature="startAQuoteTest()[pri:0, instance:testPages.HomePageTest@71238fc2]" started-at="2023-01-26T19:12:03 EST" name="startAQuoteTest" finished-at="2023-01-26T19:12:07 EST" duration-ms="3318" status="PASS">
          <reporter-output>
          </reporter-output>
        </test-method> <!-- startAQuoteTest -->
        <test-method is-config="true" signature="tearUp()[pri:0, instance:testPages.HomePageTest@71238fc2]" started-at="2023-01-26T19:12:07 EST" name="tearUp" finished-at="2023-01-26T19:12:07 EST" duration-ms="0" status="PASS">
          <reporter-output>
          </reporter-output>
        </test-method> <!-- tearUp -->
      </class> <!-- testPages.HomePageTest -->
    </test> <!-- Default test -->
  </suite> <!-- Default suite -->
</testng-results>
